<?xml version="1.0" encoding="UTF-8"?>
<testng-results ignored="0" total="1" passed="1" failed="0" skipped="0">
  <reporter-output>
  </reporter-output>
  <suite started-at="2022-03-05T02:36:24 MST" name="Default suite" finished-at="2022-03-05T02:36:47 MST" duration-ms="22595">
    <groups>
    </groups>
    <test started-at="2022-03-05T02:36:24 MST" name="Default test" finished-at="2022-03-05T02:36:47 MST" duration-ms="22595">
      <class name="com.JabaTalksTest.LoginTest">
        <test-method is-config="true" signature="launchUrl()[pri:0, instance:com.JabaTalksTest.LoginTest@7f485fda]" started-at="2022-03-05T02:36:24 MST" name="launchUrl" finished-at="2022-03-05T02:36:44 MST" duration-ms="20171" status="PASS">
          <reporter-output>
          </reporter-output>
        </test-method> <!-- launchUrl -->
        <test-method is-config="true" signature="setProperty()[pri:0, instance:com.JabaTalksTest.LoginTest@7f485fda]" started-at="2022-03-05T02:36:44 MST" name="setProperty" finished-at="2022-03-05T02:36:44 MST" duration-ms="0" status="PASS">
          <reporter-output>
          </reporter-output>
        </test-method> <!-- setProperty -->
        <test-method signature="TestLogin()[pri:0, instance:com.JabaTalksTest.LoginTest@7f485fda]" started-at="2022-03-05T02:36:44 MST" name="TestLogin" finished-at="2022-03-05T02:36:46 MST" duration-ms="1361" status="PASS">
          <reporter-output>
          </reporter-output>
        </test-method> <!-- TestLogin -->
        <test-method is-config="true" signature="deleteAllCookies()[pri:0, instance:com.JabaTalksTest.LoginTest@7f485fda]" started-at="2022-03-05T02:36:46 MST" name="deleteAllCookies" finished-at="2022-03-05T02:36:47 MST" duration-ms="991" status="PASS">
          <reporter-output>
          </reporter-output>
        </test-method> <!-- deleteAllCookies -->
        <test-method is-config="true" signature="closeBrowser()[pri:0, instance:com.JabaTalksTest.LoginTest@7f485fda]" started-at="2022-03-05T02:36:47 MST" name="closeBrowser" finished-at="2022-03-05T02:36:47 MST" duration-ms="0" status="PASS">
          <reporter-output>
          </reporter-output>
        </test-method> <!-- closeBrowser -->
      </class> <!-- com.JabaTalksTest.LoginTest -->
    </test> <!-- Default test -->
  </suite> <!-- Default suite -->
</testng-results>
